<?xml version="1.0" encoding="UTF-8"?>
<!-- Generated by org.testng.reporters.JUnitReportReporter -->
<testsuite hostname="DESKTOP-KEGK5F9" failures="0" tests="3" name="com.Mystore.Testcases.TC_ProductPageTest" time="50.229" errors="0" timestamp="2022-07-10T17:28:41 IST" skipped="0">
  <testcase classname="com.Mystore.Testcases.TC_ProductPageTest" name="verifyAddToWishlistWithoutLogin" time="6.863"/>
  <system-out/>
  <testcase classname="com.Mystore.Testcases.TC_ProductPageTest" name="VerifySearchProduct" time="7.172"/>
  <system-out/>
  <testcase classname="com.Mystore.Testcases.TC_ProductPageTest" name="VerifyBuyProduct" time="36.194"/>
  <system-out/>
</testsuite> <!-- com.Mystore.Testcases.TC_ProductPageTest -->
