<?xml version="1.0" encoding="UTF-8"?>
<!-- Generated by org.testng.reporters.JUnitReportReporter -->
<testsuite hostname="DESKTOP-KEGK5F9" failures="0" tests="3" name="com.Mystore.Testcases.TC_ProductPageTest" time="93.536" errors="0" timestamp="2022-07-07T22:03:30 IST" skipped="0">
  <testcase classname="com.Mystore.Testcases.TC_ProductPageTest" name="VerifySearchProduct" time="17.331"/>
  <system-out/>
  <testcase classname="com.Mystore.Testcases.TC_ProductPageTest" name="VerifyBuyProduct" time="56.153"/>
  <system-out/>
  <testcase classname="com.Mystore.Testcases.TC_ProductPageTest" name="verifyAddToWishlistWithoutLogin" time="20.052"/>
  <system-out/>
</testsuite> <!-- com.Mystore.Testcases.TC_ProductPageTest -->
