<?xml version="1.0" encoding="UTF-8"?>
<!-- Generated by org.testng.reporters.JUnitReportReporter -->
<testsuite hostname="DESKTOP-KEGK5F9" failures="0" tests="3" name="com.Mystore.Testcases.TC_MyAccountPageTest" time="25.609" errors="0" timestamp="2022-06-25T21:16:28 IST" skipped="1">
  <testcase classname="com.Mystore.Testcases.TC_MyAccountPageTest" name="VerifySignOut" time="16.269"/>
  <system-out/>
  <testcase classname="com.Mystore.Testcases.TC_MyAccountPageTest" name="VerifyLogin" time="9.340"/>
  <system-out/>
  <testcase classname="com.Mystore.Testcases.TC_MyAccountPageTest" name="verifyRegistrationAndLogin">
    <skipped/>
  </testcase> <!-- verifyRegistrationAndLogin -->
  <system-out/>
</testsuite> <!-- com.Mystore.Testcases.TC_MyAccountPageTest -->
