<?xml version="1.0" encoding="UTF-8"?>
<!-- Generated by org.testng.reporters.JUnitReportReporter -->
<testsuite hostname="DESKTOP-KEGK5F9" failures="0" tests="3" name="com.Mystore.Testcases.TC_ProductPageTest" time="47.133" errors="0" timestamp="2022-07-03T11:22:51 IST" skipped="0">
  <testcase classname="com.Mystore.Testcases.TC_ProductPageTest" name="VerifyBuyProduct" time="35.103"/>
  <system-out/>
  <testcase classname="com.Mystore.Testcases.TC_ProductPageTest" name="verifyAddToWishlistWithoutLogin" time="4.819"/>
  <system-out/>
  <testcase classname="com.Mystore.Testcases.TC_ProductPageTest" name="VerifySearchProduct" time="7.211"/>
  <system-out/>
</testsuite> <!-- com.Mystore.Testcases.TC_ProductPageTest -->
