<?xml version="1.0" encoding="UTF-8"?>
<!-- Generated by org.testng.reporters.JUnitReportReporter -->
<testsuite hostname="DESKTOP-KEGK5F9" failures="0" tests="3" name="com.Mystore.Testcases.TC_ProductPageTest" time="64.138" errors="0" timestamp="2022-07-21T16:39:27 IST" skipped="0">
  <testcase classname="com.Mystore.Testcases.TC_ProductPageTest" name="VerifySearchProduct" time="8.022"/>
  <system-out/>
  <testcase classname="com.Mystore.Testcases.TC_ProductPageTest" name="VerifyBuyProduct" time="50.301"/>
  <system-out/>
  <testcase classname="com.Mystore.Testcases.TC_ProductPageTest" name="verifyAddToWishlistWithoutLogin" time="5.815"/>
  <system-out/>
</testsuite> <!-- com.Mystore.Testcases.TC_ProductPageTest -->
