<?xml version="1.0" encoding="UTF-8"?>
<!-- Generated by org.testng.reporters.JUnitReportReporter -->
<testsuite hostname="DESKTOP-KEGK5F9" failures="0" tests="3" name="com.Mystore.Testcases.TC_ProductPageTest" time="62.821" errors="0" timestamp="2022-06-25T21:45:12 IST" skipped="0">
  <testcase classname="com.Mystore.Testcases.TC_ProductPageTest" name="verifyAddToWishlistWithoutLogin" time="5.850"/>
  <system-out/>
  <testcase classname="com.Mystore.Testcases.TC_ProductPageTest" name="VerifySearchProduct" time="8.070"/>
  <system-out/>
  <testcase classname="com.Mystore.Testcases.TC_ProductPageTest" name="VerifyBuyProduct" time="48.901"/>
  <system-out/>
</testsuite> <!-- com.Mystore.Testcases.TC_ProductPageTest -->
